Release 14.7 - xst P.20131013 (nt64)
Copyright (c) 1995-2013 Xilinx, Inc.  All rights reserved.
--> Parameter TMPDIR set to xst/projnav.tmp


Total REAL time to Xst completion: 0.00 secs
Total CPU time to Xst completion: 0.38 secs
 
--> Parameter xsthdpdir set to xst


Total REAL time to Xst completion: 0.00 secs
Total CPU time to Xst completion: 0.38 secs
 
--> Reading design: Hex427Seg_sch.prj

TABLE OF CONTENTS
  1) Synthesis Options Summary
  2) HDL Parsing
  3) HDL Elaboration
  4) HDL Synthesis
       4.1) HDL Synthesis Report
  5) Advanced HDL Synthesis
       5.1) Advanced HDL Synthesis Report
  6) Low Level Synthesis
  7) Partition Report
  8) Design Summary
       8.1) Primitive and Black Box Usage
       8.2) Device utilization summary
       8.3) Partition Resource Summary
       8.4) Timing Report
            8.4.1) Clock Information
            8.4.2) Asynchronous Control Signals Information
            8.4.3) Timing Summary
            8.4.4) Timing Details
            8.4.5) Cross Clock Domains Report


=========================================================================
*                      Synthesis Options Summary                        *
=========================================================================
---- Source Parameters
Input File Name                    : "Hex427Seg_sch.prj"
Ignore Synthesis Constraint File   : NO

---- Target Parameters
Output File Name                   : "Hex427Seg_sch"
Output Format                      : NGC
Target Device                      : xc7k160t-1-ffg676

---- Source Options
Top Module Name                    : Hex427Seg_sch
Automatic FSM Extraction           : YES
FSM Encoding Algorithm             : Auto
Safe Implementation                : No
FSM Style                          : LUT
RAM Extraction                     : Yes
RAM Style                          : Auto
ROM Extraction                     : Yes
Shift Register Extraction          : YES
ROM Style                          : Auto
Resource Sharing                   : YES
Asynchronous To Synchronous        : NO
Shift Register Minimum Size        : 2
Use DSP Block                      : Auto
Automatic Register Balancing       : No

---- Target Options
LUT Combining                      : Auto
Reduce Control Sets                : Auto
Add IO Buffers                     : YES
Global Maximum Fanout              : 100000
Add Generic Clock Buffer(BUFG)     : 32
Register Duplication               : YES
Optimize Instantiated Primitives   : NO
Use Clock Enable                   : Auto
Use Synchronous Set                : Auto
Use Synchronous Reset              : Auto
Pack IO Registers into IOBs        : Auto
Equivalent register Removal        : YES

---- General Options
Optimization Goal                  : Speed
Optimization Effort                : 1
Power Reduction                    : NO
Keep Hierarchy                     : No
Netlist Hierarchy                  : As_Optimized
RTL Output                         : Yes
Global Optimization                : AllClockNets
Read Cores                         : YES
Write Timing Constraints           : NO
Cross Clock Analysis               : NO
Hierarchy Separator                : /
Bus Delimiter                      : <>
Case Specifier                     : Maintain
Slice Utilization Ratio            : 100
BRAM Utilization Ratio             : 100
DSP48 Utilization Ratio            : 100
Auto BRAM Packing                  : NO
Slice Utilization Ratio Delta      : 5

=========================================================================


=========================================================================
*                          HDL Parsing                                  *
=========================================================================
Analyzing Verilog file "D:\Hex427Seg\MC14495_ZJU.vf" into library work
Parsing module <MC14495_ZJU>.
Analyzing Verilog file "D:\Hex427Seg\dispsync.v" into library work
Parsing module <dispsync>.
Analyzing Verilog file "D:\Hex427Seg\clkdiv.v" into library work
Parsing module <clkdiv>.
Analyzing Verilog file "D:\Hex427Seg\Hex427Seg_sch.vf" into library work
Parsing module <Hex427Seg_sch>.

=========================================================================
*                            HDL Elaboration                            *
=========================================================================

Elaborating module <Hex427Seg_sch>.

Elaborating module <clkdiv>.

Elaborating module <MC14495_ZJU>.

Elaborating module <OR4>.

Elaborating module <AND4>.

Elaborating module <AND3>.

Elaborating module <AND2>.

Elaborating module <OR3>.

Elaborating module <INV>.

Elaborating module <OR2>.

Elaborating module <dispsync>.

Elaborating module <VCC>.

Elaborating module <GND>.

Elaborating module <BUF>.

=========================================================================
*                           HDL Synthesis                               *
=========================================================================

Synthesizing Unit <Hex427Seg_sch>.
    Related source file is "D:\Hex427Seg\Hex427Seg_sch.vf".
    Summary:
	no macro.
Unit <Hex427Seg_sch> synthesized.

Synthesizing Unit <clkdiv>.
    Related source file is "D:\Hex427Seg\clkdiv.v".
    Found 32-bit register for signal <clkdiv>.
    Found 32-bit adder for signal <clkdiv[31]_GND_2_o_add_0_OUT> created at line 28.
    Summary:
	inferred   1 Adder/Subtractor(s).
	inferred  32 D-type flip-flop(s).
Unit <clkdiv> synthesized.

Synthesizing Unit <MC14495_ZJU>.
    Related source file is "D:\Hex427Seg\MC14495_ZJU.vf".
    Summary:
	no macro.
Unit <MC14495_ZJU> synthesized.

Synthesizing Unit <dispsync>.
    Related source file is "D:\Hex427Seg\dispsync.v".
    Found 4x4-bit Read Only RAM for signal <AN>
    Found 4-bit 4-to-1 multiplexer for signal <Hex> created at line 32.
    Found 1-bit 4-to-1 multiplexer for signal <p> created at line 32.
    Found 1-bit 4-to-1 multiplexer for signal <LE> created at line 32.
    Summary:
	inferred   1 RAM(s).
	inferred   3 Multiplexer(s).
Unit <dispsync> synthesized.

=========================================================================
HDL Synthesis Report

Macro Statistics
# RAMs                                                 : 1
 4x4-bit single-port Read Only RAM                     : 1
# Adders/Subtractors                                   : 1
 32-bit adder                                          : 1
# Registers                                            : 1
 32-bit register                                       : 1
# Multiplexers                                         : 3
 1-bit 4-to-1 multiplexer                              : 2
 4-bit 4-to-1 multiplexer                              : 1

=========================================================================

=========================================================================
*                       Advanced HDL Synthesis                          *
=========================================================================


Synthesizing (advanced) Unit <clkdiv>.
The following registers are absorbed into counter <clkdiv>: 1 register on signal <clkdiv>.
Unit <clkdiv> synthesized (advanced).

Synthesizing (advanced) Unit <dispsync>.
INFO:Xst:3218 - HDL ADVISOR - The RAM <Mram_AN> will be implemented on LUTs either because you have described an asynchronous read or because of currently unsupported block RAM features. If you have described an asynchronous read, making it synchronous would allow you to take advantage of available block RAM resources, for optimized device usage and improved timings. Please refer to your documentation for coding guidelines.
    -----------------------------------------------------------------------
    | ram_type           | Distributed                         |          |
    -----------------------------------------------------------------------
    | Port A                                                              |
    |     aspect ratio   | 4-word x 4-bit                      |          |
    |     weA            | connected to signal <GND>           | high     |
    |     addrA          | connected to signal <Scan>          |          |
    |     diA            | connected to signal <GND>           |          |
    |     doA            | connected to signal <AN>            |          |
    -----------------------------------------------------------------------
Unit <dispsync> synthesized (advanced).

=========================================================================
Advanced HDL Synthesis Report

Macro Statistics
# RAMs                                                 : 1
 4x4-bit single-port distributed Read Only RAM         : 1
# Counters                                             : 1
 32-bit up counter                                     : 1
# Multiplexers                                         : 3
 1-bit 4-to-1 multiplexer                              : 2
 4-bit 4-to-1 multiplexer                              : 1

=========================================================================

=========================================================================
*                         Low Level Synthesis                           *
=========================================================================
WARNING:Xst:2677 - Node <M0/clkdiv_19> of sequential type is unconnected in block <Hex427Seg_sch>.
WARNING:Xst:2677 - Node <M0/clkdiv_20> of sequential type is unconnected in block <Hex427Seg_sch>.
WARNING:Xst:2677 - Node <M0/clkdiv_21> of sequential type is unconnected in block <Hex427Seg_sch>.
WARNING:Xst:2677 - Node <M0/clkdiv_22> of sequential type is unconnected in block <Hex427Seg_sch>.
WARNING:Xst:2677 - Node <M0/clkdiv_23> of sequential type is unconnected in block <Hex427Seg_sch>.
WARNING:Xst:2677 - Node <M0/clkdiv_24> of sequential type is unconnected in block <Hex427Seg_sch>.
WARNING:Xst:2677 - Node <M0/clkdiv_25> of sequential type is unconnected in block <Hex427Seg_sch>.
WARNING:Xst:2677 - Node <M0/clkdiv_26> of sequential type is unconnected in block <Hex427Seg_sch>.
WARNING:Xst:2677 - Node <M0/clkdiv_27> of sequential type is unconnected in block <Hex427Seg_sch>.
WARNING:Xst:2677 - Node <M0/clkdiv_28> of sequential type is unconnected in block <Hex427Seg_sch>.
WARNING:Xst:2677 - Node <M0/clkdiv_29> of sequential type is unconnected in block <Hex427Seg_sch>.
WARNING:Xst:2677 - Node <M0/clkdiv_30> of sequential type is unconnected in block <Hex427Seg_sch>.
WARNING:Xst:2677 - Node <M0/clkdiv_31> of sequential type is unconnected in block <Hex427Seg_sch>.

Optimizing unit <MC14495_ZJU> ...

Optimizing unit <Hex427Seg_sch> ...

Mapping all equations...
Building and optimizing final netlist ...
Found area constraint ratio of 100 (+ 5) on block Hex427Seg_sch, actual ratio is 0.

Final Macro Processing ...

=========================================================================
Final Register Report

Macro Statistics
# Registers                                            : 19
 Flip-Flops                                            : 19

=========================================================================

=========================================================================
*                           Partition Report                            *
=========================================================================

Partition Implementation Status
-------------------------------

  No Partitions were found in this design.

-------------------------------

=========================================================================
*                            Design Summary                             *
=========================================================================

Top Level Output File Name         : Hex427Seg_sch.ngc

Primitive and Black Box Usage:
------------------------------
# BELS                             : 109
#      AND2                        : 1
#      AND3                        : 11
#      AND4                        : 9
#      BUF                         : 1
#      GND                         : 1
#      INV                         : 8
#      LUT1                        : 18
#      LUT2                        : 6
#      LUT6                        : 2
#      MUXCY                       : 18
#      OR2                         : 7
#      OR3                         : 3
#      OR4                         : 4
#      VCC                         : 1
#      XORCY                       : 19
# FlipFlops/Latches                : 19
#      FDC                         : 19
# Clock Buffers                    : 1
#      BUFGP                       : 1
# IO Buffers                       : 22
#      IBUF                        : 9
#      OBUF                        : 13

Device utilization summary:
---------------------------

Selected Device : 7k160tffg676-1 


Slice Logic Utilization: 
 Number of Slice Registers:              19  out of  202800     0%  
 Number of Slice LUTs:                   34  out of  101400     0%  
    Number used as Logic:                34  out of  101400     0%  

Slice Logic Distribution: 
 Number of LUT Flip Flop pairs used:     34
   Number with an unused Flip Flop:      15  out of     34    44%  
   Number with an unused LUT:             0  out of     34     0%  
   Number of fully used LUT-FF pairs:    19  out of     34    55%  
   Number of unique control sets:         1

IO Utilization: 
 Number of IOs:                          23
 Number of bonded IOBs:                  23  out of    400     5%  

Specific Feature Utilization:
 Number of BUFG/BUFGCTRLs:                1  out of     32     3%  

---------------------------
Partition Resource Summary:
---------------------------

  No Partitions were found in this design.

---------------------------


=========================================================================
Timing Report

NOTE: THESE TIMING NUMBERS ARE ONLY A SYNTHESIS ESTIMATE.
      FOR ACCURATE TIMING INFORMATION PLEASE REFER TO THE TRACE REPORT
      GENERATED AFTER PLACE-and-ROUTE.

Clock Information:
------------------
-----------------------------------+------------------------+-------+
Clock Signal                       | Clock buffer(FF name)  | Load  |
-----------------------------------+------------------------+-------+
clk_100mhz                         | BUFGP                  | 19    |
-----------------------------------+------------------------+-------+

Asynchronous Control Signals Information:
----------------------------------------
No asynchronous control signals found in this design

Timing Summary:
---------------
Speed Grade: -1

   Minimum period: 1.625ns (Maximum Frequency: 615.385MHz)
   Minimum input arrival time before clock: 1.635ns
   Maximum output required time after clock: 4.564ns
   Maximum combinational path delay: 1.919ns

Timing Details:
---------------
All values displayed in nanoseconds (ns)

=========================================================================
Timing constraint: Default period analysis for Clock 'clk_100mhz'
  Clock period: 1.625ns (frequency: 615.385MHz)
  Total number of paths / destination ports: 190 / 19
-------------------------------------------------------------------------
Delay:               1.625ns (Levels of Logic = 20)
  Source:            M0/clkdiv_0 (FF)
  Destination:       M0/clkdiv_18 (FF)
  Source Clock:      clk_100mhz rising
  Destination Clock: clk_100mhz rising

  Data Path: M0/clkdiv_0 to M0/clkdiv_18
                                Gate     Net
    Cell:in->out      fanout   Delay   Delay  Logical Name (Net Name)
    ----------------------------------------  ------------
     FDC:C->Q              1   0.282   0.399  M0/clkdiv_0 (M0/clkdiv_0)
     INV:I->O              1   0.067   0.000  M0/Mcount_clkdiv_lut<0>_INV_0 (M0/Mcount_clkdiv_lut<0>)
     MUXCY:S->O            1   0.291   0.000  M0/Mcount_clkdiv_cy<0> (M0/Mcount_clkdiv_cy<0>)
     MUXCY:CI->O           1   0.015   0.000  M0/Mcount_clkdiv_cy<1> (M0/Mcount_clkdiv_cy<1>)
     MUXCY:CI->O           1   0.015   0.000  M0/Mcount_clkdiv_cy<2> (M0/Mcount_clkdiv_cy<2>)
     MUXCY:CI->O           1   0.015   0.000  M0/Mcount_clkdiv_cy<3> (M0/Mcount_clkdiv_cy<3>)
     MUXCY:CI->O           1   0.015   0.000  M0/Mcount_clkdiv_cy<4> (M0/Mcount_clkdiv_cy<4>)
     MUXCY:CI->O           1   0.015   0.000  M0/Mcount_clkdiv_cy<5> (M0/Mcount_clkdiv_cy<5>)
     MUXCY:CI->O           1   0.015   0.000  M0/Mcount_clkdiv_cy<6> (M0/Mcount_clkdiv_cy<6>)
     MUXCY:CI->O           1   0.015   0.000  M0/Mcount_clkdiv_cy<7> (M0/Mcount_clkdiv_cy<7>)
     MUXCY:CI->O           1   0.015   0.000  M0/Mcount_clkdiv_cy<8> (M0/Mcount_clkdiv_cy<8>)
     MUXCY:CI->O           1   0.015   0.000  M0/Mcount_clkdiv_cy<9> (M0/Mcount_clkdiv_cy<9>)
     MUXCY:CI->O           1   0.015   0.000  M0/Mcount_clkdiv_cy<10> (M0/Mcount_clkdiv_cy<10>)
     MUXCY:CI->O           1   0.015   0.000  M0/Mcount_clkdiv_cy<11> (M0/Mcount_clkdiv_cy<11>)
     MUXCY:CI->O           1   0.015   0.000  M0/Mcount_clkdiv_cy<12> (M0/Mcount_clkdiv_cy<12>)
     MUXCY:CI->O           1   0.015   0.000  M0/Mcount_clkdiv_cy<13> (M0/Mcount_clkdiv_cy<13>)
     MUXCY:CI->O           1   0.015   0.000  M0/Mcount_clkdiv_cy<14> (M0/Mcount_clkdiv_cy<14>)
     MUXCY:CI->O           1   0.015   0.000  M0/Mcount_clkdiv_cy<15> (M0/Mcount_clkdiv_cy<15>)
     MUXCY:CI->O           1   0.015   0.000  M0/Mcount_clkdiv_cy<16> (M0/Mcount_clkdiv_cy<16>)
     MUXCY:CI->O           0   0.015   0.000  M0/Mcount_clkdiv_cy<17> (M0/Mcount_clkdiv_cy<17>)
     XORCY:CI->O           1   0.320   0.000  M0/Mcount_clkdiv_xor<18> (Result<18>)
     FDC:D                     0.011          M0/clkdiv_18
    ----------------------------------------
    Total                      1.625ns (1.226ns logic, 0.399ns route)
                                       (75.4% logic, 24.6% route)

=========================================================================
Timing constraint: Default OFFSET IN BEFORE for Clock 'clk_100mhz'
  Total number of paths / destination ports: 19 / 19
-------------------------------------------------------------------------
Offset:              1.635ns (Levels of Logic = 2)
  Source:            RSTN (PAD)
  Destination:       M0/clkdiv_0 (FF)
  Destination Clock: clk_100mhz rising

  Data Path: RSTN to M0/clkdiv_0
                                Gate     Net
    Cell:in->out      fanout   Delay   Delay  Logical Name (Net Name)
    ----------------------------------------  ------------
     IBUF:I->O             1   0.000   0.399  RSTN_IBUF (RSTN_IBUF)
     INV:I->O             19   0.393   0.518  XLXI_4 (XLXN_12)
     FDC:CLR                   0.325          M0/clkdiv_0
    ----------------------------------------
    Total                      1.635ns (0.718ns logic, 0.917ns route)
                                       (43.9% logic, 56.1% route)

=========================================================================
Timing constraint: Default OFFSET OUT AFTER for Clock 'clk_100mhz'
  Total number of paths / destination ports: 131 / 12
-------------------------------------------------------------------------
Offset:              4.564ns (Levels of Logic = 6)
  Source:            M0/clkdiv_17 (FF)
  Destination:       SEGMENT<5> (PAD)
  Source Clock:      clk_100mhz rising

  Data Path: M0/clkdiv_17 to SEGMENT<5>
                                Gate     Net
    Cell:in->out      fanout   Delay   Delay  Logical Name (Net Name)
    ----------------------------------------  ------------
     FDC:C->Q             10   0.282   0.544  M0/clkdiv_17 (M0/clkdiv_17)
     LUT2:I0->O           11   0.053   0.465  M2/Mmux_Hex31 (Hex<2>)
     INV:I->O              8   0.393   0.681  M1/XLXI_107 (M1/XLXN_6)
     AND4:I2->O            2   0.157   0.608  M1/A20 (M1/XLXN_17)
     OR4:I3->O             1   0.190   0.725  M1/do (M1/XLXN_32)
     OR2:I1->O             1   0.067   0.399  M1/XLXI_120 (SEGMENT_3_OBUF)
     OBUF:I->O                 0.000          SEGMENT_3_OBUF (SEGMENT<3>)
    ----------------------------------------
    Total                      4.564ns (1.142ns logic, 3.422ns route)
                                       (25.0% logic, 75.0% route)

=========================================================================
Timing constraint: Default path analysis
  Total number of paths / destination ports: 32 / 8
-------------------------------------------------------------------------
Delay:               1.919ns (Levels of Logic = 4)
  Source:            SW<5> (PAD)
  Destination:       SEGMENT<6> (PAD)

  Data Path: SW<5> to SEGMENT<6>
                                Gate     Net
    Cell:in->out      fanout   Delay   Delay  Logical Name (Net Name)
    ----------------------------------------  ------------
     IBUF:I->O             1   0.000   0.635  SW_5_IBUF (SW_5_IBUF)
     LUT6:I2->O            7   0.053   0.779  M2/Mmux_LE11 (XLXN_6)
     OR2:I0->O             1   0.053   0.399  M1/XLXI_117 (SEGMENT_6_OBUF)
     OBUF:I->O                 0.000          SEGMENT_6_OBUF (SEGMENT<6>)
    ----------------------------------------
    Total                      1.919ns (0.106ns logic, 1.813ns route)
                                       (5.5% logic, 94.5% route)

=========================================================================

Cross Clock Domains Report:
--------------------------

Clock to Setup on destination clock clk_100mhz
---------------+---------+---------+---------+---------+
               | Src:Rise| Src:Fall| Src:Rise| Src:Fall|
Source Clock   |Dest:Rise|Dest:Rise|Dest:Fall|Dest:Fall|
---------------+---------+---------+---------+---------+
clk_100mhz     |    1.625|         |         |         |
---------------+---------+---------+---------+---------+

=========================================================================


Total REAL time to Xst completion: 14.00 secs
Total CPU time to Xst completion: 14.30 secs
 
--> 

Total memory usage is 4625104 kilobytes

Number of errors   :    0 (   0 filtered)
Number of warnings :   13 (   0 filtered)
Number of infos    :    1 (   0 filtered)

