Running: D:\Xilinx\14.7\ISE_DS\ISE\bin\nt64\unwrapped\fuse.exe -intstyle ise -incremental -lib unisims_ver -lib unimacro_ver -lib xilinxcorelib_ver -lib secureip -o D:/fundamentallogic/Exp12-Shift/shift_32_test_isim_beh.exe -prj D:/fundamentallogic/Exp12-Shift/shift_32_test_beh.prj work.shift_32_test work.glbl 
ISim P.20131013 (signature 0x7708f090)
Number of CPUs detected in this system: 8
Turning on mult-threading, number of parallel sub-compilation jobs: 16 
Determining compilation order of HDL files
Analyzing Verilog file "D:/fundamentallogic/Exp12-Shift/MB_DFF.vf" into library work
Analyzing Verilog file "D:/fundamentallogic/Exp12-Shift/DM74LS194.vf" into library work
Analyzing Verilog file "D:/fundamentallogic/Exp12-Shift/shift_32.v" into library work
Analyzing Verilog file "D:/fundamentallogic/Exp12-Shift/shift_32_test.v" into library work
Analyzing Verilog file "D:/Xilinx/14.7/ISE_DS/ISE//verilog/src/glbl.v" into library work
Starting static elaboration
Completed static elaboration
Compiling module OR4
Compiling module AND3
Compiling module VCC
Compiling module NAND3
Compiling module MB_DFF
Compiling module INV
Compiling module DM74LS194
Compiling module shift_32
Compiling module shift_32_test
Compiling module glbl
Time Resolution for simulation is 1ps.
Waiting for 1 sub-compilation(s) to finish...
Compiled 10 Verilog Units
Built simulation executable D:/fundamentallogic/Exp12-Shift/shift_32_test_isim_beh.exe
Fuse Memory Usage: 28024 KB
Fuse CPU Usage: 921 ms
