Running: D:\Xilinx\14.7\ISE_DS\ISE\bin\nt64\unwrapped\fuse.exe -intstyle ise -incremental -lib unisims_ver -lib unimacro_ver -lib xilinxcorelib_ver -lib secureip -o D:/fundamentallogic/MUX441/MUX4T1_4_MUX4T1_4_sch_tb_isim_beh.exe -prj D:/fundamentallogic/MUX441/MUX4T1_4_MUX4T1_4_sch_tb_beh.prj work.MUX4T1_4_MUX4T1_4_sch_tb work.glbl 
ISim P.20131013 (signature 0x7708f090)
Number of CPUs detected in this system: 8
Turning on mult-threading, number of parallel sub-compilation jobs: 16 
Determining compilation order of HDL files
Analyzing Verilog file "D:/fundamentallogic/MUX441/MUX4T1_4.vf" into library work
Analyzing Verilog file "D:/fundamentallogic/MUX441/MUX4T1_4_test.v" into library work
Analyzing Verilog file "D:/Xilinx/14.7/ISE_DS/ISE//verilog/src/glbl.v" into library work
Starting static elaboration
Completed static elaboration
Compiling module AND2
Compiling module INV
Compiling module OR4
Compiling module MUX4T1_4
Compiling module MUX4T1_4_MUX4T1_4_sch_tb
Compiling module glbl
Time Resolution for simulation is 1ps.
Waiting for 1 sub-compilation(s) to finish...
Compiled 6 Verilog Units
Built simulation executable D:/fundamentallogic/MUX441/MUX4T1_4_MUX4T1_4_sch_tb_isim_beh.exe
Fuse Memory Usage: 43076 KB
Fuse CPU Usage: 358 ms
